<?xml version="1.0" encoding="UTF-8"?>
<testng-results ignored="0" total="5" passed="4" failed="1" skipped="0">
  <reporter-output>
  </reporter-output>
  <suite started-at="2023-08-03T15:50:19 IST" name="Default suite" finished-at="2023-08-03T16:19:57 IST" duration-ms="1777771">
    <groups>
    </groups>
    <test started-at="2023-08-03T15:50:19 IST" name="Default test" finished-at="2023-08-03T16:19:57 IST" duration-ms="1777771">
      <class name="class_wise_saiRoshini.NewTest">
        <test-method is-config="true" signature="BeforeTest()[pri:0, instance:class_wise_saiRoshini.NewTest@48bb62]" started-at="2023-08-03T15:50:19 IST" name="BeforeTest" finished-at="2023-08-03T15:50:20 IST" duration-ms="328" status="PASS">
          <reporter-output>
          </reporter-output>
        </test-method> <!-- BeforeTest -->
        <test-method is-config="true" signature="Before_test()[pri:0, instance:class_wise_saiRoshini.NewTest@48bb62]" started-at="2023-08-03T15:50:20 IST" name="Before_test" finished-at="2023-08-03T15:50:20 IST" duration-ms="1" status="PASS">
          <reporter-output>
          </reporter-output>
        </test-method> <!-- Before_test -->
        <test-method signature="f()[pri:1, instance:class_wise_saiRoshini.NewTest@48bb62]" started-at="2023-08-03T15:50:20 IST" name="f" finished-at="2023-08-03T15:54:22 IST" duration-ms="242554" status="PASS">
          <reporter-output>
          </reporter-output>
        </test-method> <!-- f -->
        <test-method is-config="true" signature="Del1()[pri:0, instance:class_wise_saiRoshini.NewTest@48bb62]" started-at="2023-08-03T15:54:22 IST" name="Del1" finished-at="2023-08-03T15:56:34 IST" duration-ms="131993" status="PASS">
          <reporter-output>
          </reporter-output>
        </test-method> <!-- Del1 -->
        <test-method is-config="true" signature="Before_test()[pri:0, instance:class_wise_saiRoshini.NewTest@48bb62]" started-at="2023-08-03T15:56:34 IST" name="Before_test" finished-at="2023-08-03T15:56:34 IST" duration-ms="2" status="PASS">
          <reporter-output>
          </reporter-output>
        </test-method> <!-- Before_test -->
        <test-method signature="f1()[pri:2, instance:class_wise_saiRoshini.NewTest@48bb62]" started-at="2023-08-03T15:56:34 IST" name="f1" finished-at="2023-08-03T15:58:14 IST" duration-ms="99368" status="FAIL">
          <exception class="org.openqa.selenium.NoSuchElementException">
            <message>
              <![CDATA[no such element: Unable to locate element: {"method":"xpath","selector":"//td[normalize-space()='Done']"}
  (Session info: chrome=114.0.5735.198)
For documentation on this error, please visit: https://www.selenium.dev/documentation/webdriver/troubleshooting/errors#no-such-element-exception
Build info: version: '4.11.0', revision: '040bc5406b'
System info: os.name: 'Linux', os.arch: 'amd64', os.version: '5.15.0-78-generic', java.version: '17.0.5'
Driver info: org.openqa.selenium.chrome.ChromeDriver
Command: [a8f0e24aad55a252ae61c18ed5039ff9, findElement {using=xpath, value=//td[normalize-space()='Done']}]
Capabilities {acceptInsecureCerts: true, browserName: chrome, browserVersion: 114.0.5735.198, chrome: {chromedriverVersion: 114.0.5735.90 (386bc09e8f4f..., userDataDir: /tmp/.com.google.Chrome.wm7fKd}, goog:chromeOptions: {debuggerAddress: localhost:36365}, networkConnectionEnabled: false, pageLoadStrategy: normal, platformName: linux, proxy: Proxy(), se:cdp: ws://localhost:36365/devtoo..., se:cdpVersion: 114.0.5735.198, setWindowRect: true, strictFileInteractability: false, timeouts: {implicit: 0, pageLoad: 300000, script: 30000}, unhandledPromptBehavior: dismiss and notify, webauthn:extension:credBlob: true, webauthn:extension:largeBlob: true, webauthn:extension:minPinLength: true, webauthn:extension:prf: true, webauthn:virtualAuthenticators: true}
Session ID: a8f0e24aad55a252ae61c18ed5039ff9]]>
            </message>
            <full-stacktrace>
              <![CDATA[org.openqa.selenium.NoSuchElementException: no such element: Unable to locate element: {"method":"xpath","selector":"//td[normalize-space()='Done']"}
  (Session info: chrome=114.0.5735.198)
For documentation on this error, please visit: https://www.selenium.dev/documentation/webdriver/troubleshooting/errors#no-such-element-exception
Build info: version: '4.11.0', revision: '040bc5406b'
System info: os.name: 'Linux', os.arch: 'amd64', os.version: '5.15.0-78-generic', java.version: '17.0.5'
Driver info: org.openqa.selenium.chrome.ChromeDriver
Command: [a8f0e24aad55a252ae61c18ed5039ff9, findElement {using=xpath, value=//td[normalize-space()='Done']}]
Capabilities {acceptInsecureCerts: true, browserName: chrome, browserVersion: 114.0.5735.198, chrome: {chromedriverVersion: 114.0.5735.90 (386bc09e8f4f..., userDataDir: /tmp/.com.google.Chrome.wm7fKd}, goog:chromeOptions: {debuggerAddress: localhost:36365}, networkConnectionEnabled: false, pageLoadStrategy: normal, platformName: linux, proxy: Proxy(), se:cdp: ws://localhost:36365/devtoo..., se:cdpVersion: 114.0.5735.198, setWindowRect: true, strictFileInteractability: false, timeouts: {implicit: 0, pageLoad: 300000, script: 30000}, unhandledPromptBehavior: dismiss and notify, webauthn:extension:credBlob: true, webauthn:extension:largeBlob: true, webauthn:extension:minPinLength: true, webauthn:extension:prf: true, webauthn:virtualAuthenticators: true}
Session ID: a8f0e24aad55a252ae61c18ed5039ff9
at java.base/jdk.internal.reflect.NativeConstructorAccessorImpl.newInstance0(Native Method)
at java.base/jdk.internal.reflect.NativeConstructorAccessorImpl.newInstance(NativeConstructorAccessorImpl.java:77)
at java.base/jdk.internal.reflect.DelegatingConstructorAccessorImpl.newInstance(DelegatingConstructorAccessorImpl.java:45)
at java.base/java.lang.reflect.Constructor.newInstanceWithCaller(Constructor.java:499)
at java.base/java.lang.reflect.Constructor.newInstance(Constructor.java:480)
at org.openqa.selenium.remote.codec.w3c.W3CHttpResponseCodec.createException(W3CHttpResponseCodec.java:200)
at org.openqa.selenium.remote.codec.w3c.W3CHttpResponseCodec.decode(W3CHttpResponseCodec.java:133)
at org.openqa.selenium.remote.codec.w3c.W3CHttpResponseCodec.decode(W3CHttpResponseCodec.java:52)
at org.openqa.selenium.remote.HttpCommandExecutor.execute(HttpCommandExecutor.java:191)
at org.openqa.selenium.remote.service.DriverCommandExecutor.invokeExecute(DriverCommandExecutor.java:196)
at org.openqa.selenium.remote.service.DriverCommandExecutor.execute(DriverCommandExecutor.java:171)
at org.openqa.selenium.remote.RemoteWebDriver.execute(RemoteWebDriver.java:518)
at org.openqa.selenium.remote.ElementLocation$ElementFinder$2.findElement(ElementLocation.java:165)
at org.openqa.selenium.remote.ElementLocation.findElement(ElementLocation.java:59)
at org.openqa.selenium.remote.RemoteWebDriver.findElement(RemoteWebDriver.java:355)
at org.openqa.selenium.remote.RemoteWebDriver.findElement(RemoteWebDriver.java:349)
at class_wise_saiRoshini.Pre_enq.Pre_enq_main(Pre_enq.java:822)
at class_wise_saiRoshini.NewTest.f1(NewTest.java:79)
at java.base/jdk.internal.reflect.NativeMethodAccessorImpl.invoke0(Native Method)
at java.base/jdk.internal.reflect.NativeMethodAccessorImpl.invoke(NativeMethodAccessorImpl.java:77)
at java.base/jdk.internal.reflect.DelegatingMethodAccessorImpl.invoke(DelegatingMethodAccessorImpl.java:43)
at java.base/java.lang.reflect.Method.invoke(Method.java:568)
at org.testng.internal.invokers.MethodInvocationHelper.invokeMethod(MethodInvocationHelper.java:139)
at org.testng.internal.invokers.TestInvoker.invokeMethod(TestInvoker.java:664)
at org.testng.internal.invokers.TestInvoker.invokeTestMethod(TestInvoker.java:227)
at org.testng.internal.invokers.MethodRunner.runInSequence(MethodRunner.java:50)
at org.testng.internal.invokers.TestInvoker$MethodInvocationAgent.invoke(TestInvoker.java:957)
at org.testng.internal.invokers.TestInvoker.invokeTestMethods(TestInvoker.java:200)
at org.testng.internal.invokers.TestMethodWorker.invokeTestMethods(TestMethodWorker.java:148)
at org.testng.internal.invokers.TestMethodWorker.run(TestMethodWorker.java:128)
at java.base/java.util.ArrayList.forEach(ArrayList.java:1511)
at org.testng.TestRunner.privateRun(TestRunner.java:848)
at org.testng.TestRunner.run(TestRunner.java:621)
at org.testng.SuiteRunner.runTest(SuiteRunner.java:443)
at org.testng.SuiteRunner.runSequentially(SuiteRunner.java:437)
at org.testng.SuiteRunner.privateRun(SuiteRunner.java:397)
at org.testng.SuiteRunner.run(SuiteRunner.java:336)
at org.testng.SuiteRunnerWorker.runSuite(SuiteRunnerWorker.java:52)
at org.testng.SuiteRunnerWorker.run(SuiteRunnerWorker.java:95)
at org.testng.TestNG.runSuitesSequentially(TestNG.java:1280)
at org.testng.TestNG.runSuitesLocally(TestNG.java:1200)
at org.testng.TestNG.runSuites(TestNG.java:1114)
at org.testng.TestNG.run(TestNG.java:1082)
at org.testng.remote.AbstractRemoteTestNG.run(AbstractRemoteTestNG.java:115)
at org.testng.remote.RemoteTestNG.initAndRun(RemoteTestNG.java:251)
at org.testng.remote.RemoteTestNG.main(RemoteTestNG.java:77)
]]>
            </full-stacktrace>
          </exception> <!-- org.openqa.selenium.NoSuchElementException -->
          <reporter-output>
          </reporter-output>
        </test-method> <!-- f1 -->
        <test-method is-config="true" signature="Del1()[pri:0, instance:class_wise_saiRoshini.NewTest@48bb62]" started-at="2023-08-03T15:58:14 IST" name="Del1" finished-at="2023-08-03T16:00:22 IST" duration-ms="128648" status="PASS">
          <reporter-output>
          </reporter-output>
        </test-method> <!-- Del1 -->
        <test-method signature="f2()[pri:3, instance:class_wise_saiRoshini.NewTest@48bb62]" started-at="2023-08-03T16:00:22 IST" name="f2" finished-at="2023-08-03T16:04:22 IST" duration-ms="239868" status="PASS">
          <reporter-output>
          </reporter-output>
        </test-method> <!-- f2 -->
        <test-method is-config="true" signature="Before_test()[pri:0, instance:class_wise_saiRoshini.NewTest@48bb62]" started-at="2023-08-03T16:00:22 IST" name="Before_test" finished-at="2023-08-03T16:00:22 IST" duration-ms="0" status="PASS">
          <reporter-output>
          </reporter-output>
        </test-method> <!-- Before_test -->
        <test-method is-config="true" signature="Del1()[pri:0, instance:class_wise_saiRoshini.NewTest@48bb62]" started-at="2023-08-03T16:04:22 IST" name="Del1" finished-at="2023-08-03T16:07:35 IST" duration-ms="192636" status="PASS">
          <reporter-output>
          </reporter-output>
        </test-method> <!-- Del1 -->
        <test-method is-config="true" signature="Before_test()[pri:0, instance:class_wise_saiRoshini.NewTest@48bb62]" started-at="2023-08-03T16:07:35 IST" name="Before_test" finished-at="2023-08-03T16:07:35 IST" duration-ms="1" status="PASS">
          <reporter-output>
          </reporter-output>
        </test-method> <!-- Before_test -->
        <test-method signature="f3()[pri:4, instance:class_wise_saiRoshini.NewTest@48bb62]" started-at="2023-08-03T16:07:35 IST" name="f3" finished-at="2023-08-03T16:11:35 IST" duration-ms="240226" status="PASS">
          <reporter-output>
          </reporter-output>
        </test-method> <!-- f3 -->
        <test-method is-config="true" signature="Del1()[pri:0, instance:class_wise_saiRoshini.NewTest@48bb62]" started-at="2023-08-03T16:11:35 IST" name="Del1" finished-at="2023-08-03T16:13:45 IST" duration-ms="129650" status="PASS">
          <reporter-output>
          </reporter-output>
        </test-method> <!-- Del1 -->
        <test-method is-config="true" signature="Before_test()[pri:0, instance:class_wise_saiRoshini.NewTest@48bb62]" started-at="2023-08-03T16:13:45 IST" name="Before_test" finished-at="2023-08-03T16:13:45 IST" duration-ms="1" status="PASS">
          <reporter-output>
          </reporter-output>
        </test-method> <!-- Before_test -->
        <test-method signature="f4()[pri:5, instance:class_wise_saiRoshini.NewTest@48bb62]" started-at="2023-08-03T16:13:45 IST" name="f4" finished-at="2023-08-03T16:17:45 IST" duration-ms="240142" status="PASS">
          <reporter-output>
          </reporter-output>
        </test-method> <!-- f4 -->
        <test-method is-config="true" signature="Del1()[pri:0, instance:class_wise_saiRoshini.NewTest@48bb62]" started-at="2023-08-03T16:17:45 IST" name="Del1" finished-at="2023-08-03T16:19:57 IST" duration-ms="132300" status="PASS">
          <reporter-output>
          </reporter-output>
        </test-method> <!-- Del1 -->
      </class> <!-- class_wise_saiRoshini.NewTest -->
    </test> <!-- Default test -->
  </suite> <!-- Default suite -->
</testng-results>
