<?xml version="1.0" encoding="UTF-8"?>
<testng-results ignored="0" total="4" passed="4" failed="0" skipped="0">
  <reporter-output>
  </reporter-output>
  <suite started-at="2023-05-30T20:58:46 IST" name="Default suite" finished-at="2023-05-30T20:58:46 IST" duration-ms="45">
    <groups>
    </groups>
    <test started-at="2023-05-30T20:58:46 IST" name="Default test" finished-at="2023-05-30T20:58:46 IST" duration-ms="45">
      <class name="basic_of_testNG.before_and_after_method">
        <test-method is-config="true" signature="UserRegistration()[pri:0, instance:basic_of_testNG.before_and_after_method@1caa0244]" started-at="2023-05-30T20:58:46 IST" name="UserRegistration" finished-at="2023-05-30T20:58:46 IST" duration-ms="3" status="PASS">
          <reporter-output>
          </reporter-output>
        </test-method> <!-- UserRegistration -->
        <test-method signature="User_login()[pri:1, instance:basic_of_testNG.before_and_after_method@1caa0244]" started-at="2023-05-30T20:58:46 IST" name="User_login" finished-at="2023-05-30T20:58:46 IST" duration-ms="5" status="PASS">
          <reporter-output>
          </reporter-output>
        </test-method> <!-- User_login -->
        <test-method is-config="true" signature="User_logout()[pri:0, instance:basic_of_testNG.before_and_after_method@1caa0244]" started-at="2023-05-30T20:58:46 IST" name="User_logout" finished-at="2023-05-30T20:58:46 IST" duration-ms="0" status="PASS">
          <reporter-output>
          </reporter-output>
        </test-method> <!-- User_logout -->
        <test-method signature="User_login2()[pri:2, instance:basic_of_testNG.before_and_after_method@1caa0244]" started-at="2023-05-30T20:58:46 IST" name="User_login2" finished-at="2023-05-30T20:58:46 IST" duration-ms="1" status="PASS">
          <reporter-output>
          </reporter-output>
        </test-method> <!-- User_login2 -->
        <test-method is-config="true" signature="UserRegistration()[pri:0, instance:basic_of_testNG.before_and_after_method@1caa0244]" started-at="2023-05-30T20:58:46 IST" name="UserRegistration" finished-at="2023-05-30T20:58:46 IST" duration-ms="0" status="PASS">
          <reporter-output>
          </reporter-output>
        </test-method> <!-- UserRegistration -->
        <test-method is-config="true" signature="User_logout()[pri:0, instance:basic_of_testNG.before_and_after_method@1caa0244]" started-at="2023-05-30T20:58:46 IST" name="User_logout" finished-at="2023-05-30T20:58:46 IST" duration-ms="0" status="PASS">
          <reporter-output>
          </reporter-output>
        </test-method> <!-- User_logout -->
        <test-method signature="User_login3()[pri:3, instance:basic_of_testNG.before_and_after_method@1caa0244]" started-at="2023-05-30T20:58:46 IST" name="User_login3" finished-at="2023-05-30T20:58:46 IST" duration-ms="1" status="PASS">
          <reporter-output>
          </reporter-output>
        </test-method> <!-- User_login3 -->
        <test-method is-config="true" signature="UserRegistration()[pri:0, instance:basic_of_testNG.before_and_after_method@1caa0244]" started-at="2023-05-30T20:58:46 IST" name="UserRegistration" finished-at="2023-05-30T20:58:46 IST" duration-ms="0" status="PASS">
          <reporter-output>
          </reporter-output>
        </test-method> <!-- UserRegistration -->
        <test-method is-config="true" signature="UserRegistration()[pri:0, instance:basic_of_testNG.before_and_after_method@1caa0244]" started-at="2023-05-30T20:58:46 IST" name="UserRegistration" finished-at="2023-05-30T20:58:46 IST" duration-ms="1" status="PASS">
          <reporter-output>
          </reporter-output>
        </test-method> <!-- UserRegistration -->
        <test-method is-config="true" signature="User_logout()[pri:0, instance:basic_of_testNG.before_and_after_method@1caa0244]" started-at="2023-05-30T20:58:46 IST" name="User_logout" finished-at="2023-05-30T20:58:46 IST" duration-ms="0" status="PASS">
          <reporter-output>
          </reporter-output>
        </test-method> <!-- User_logout -->
        <test-method signature="User_login1()[pri:4, instance:basic_of_testNG.before_and_after_method@1caa0244]" started-at="2023-05-30T20:58:46 IST" name="User_login1" finished-at="2023-05-30T20:58:46 IST" duration-ms="1" status="PASS">
          <reporter-output>
          </reporter-output>
        </test-method> <!-- User_login1 -->
        <test-method is-config="true" signature="User_logout()[pri:0, instance:basic_of_testNG.before_and_after_method@1caa0244]" started-at="2023-05-30T20:58:46 IST" name="User_logout" finished-at="2023-05-30T20:58:46 IST" duration-ms="0" status="PASS">
          <reporter-output>
          </reporter-output>
        </test-method> <!-- User_logout -->
      </class> <!-- basic_of_testNG.before_and_after_method -->
    </test> <!-- Default test -->
  </suite> <!-- Default suite -->
</testng-results>
